<?xml version="1.0" encoding="UTF-8"?>
<!-- Generated by org.testng.reporters.JUnitReportReporter -->
<testsuite skipped="0" hostname="DESKTOP-PEDP9IH" name="testngsuite.DataProviderTest" tests="2" failures="0" timestamp="2021-12-19T11:04:25 IST" time="25.178" errors="0">
  <testcase name="test" time="13.386" classname="testngsuite.DataProviderTest"/>
  <system-out/>
  <testcase name="test" time="11.792" classname="testngsuite.DataProviderTest"/>
  <system-out/>
</testsuite> <!-- testngsuite.DataProviderTest -->
